<?xml version="1.0" encoding="utf-8"?><testsuites name="pytest tests"><testsuite name="pytest" errors="0" failures="0" skipped="0" tests="13" time="4.483" timestamp="2026-06-21T15:02:36.093336+00:00" hostname="agent-env-4f04baba-b9f0-495f-8591-5e44e3081f34"><testcase classname="backend.tests.backend_test.TestHealth" name="test_health" time="0.431" /><testcase classname="backend.tests.backend_test.TestSuggest" name="test_suggest_basic_prefix" time="0.047" /><testcase classname="backend.tests.backend_test.TestSuggest" name="test_suggest_empty_prefix" time="0.047" /><testcase classname="backend.tests.backend_test.TestSuggest" name="test_suggest_nonexistent_prefix" time="0.084" /><testcase classname="backend.tests.backend_test.TestSuggest" name="test_cache_hit_on_repeat" time="0.177" /><testcase classname="backend.tests.backend_test.TestSearchAndTrending" name="test_search_submission_appears_in_trending" time="1.259" /><testcase classname="backend.tests.backend_test.TestSearchAndTrending" name="test_trending_mode_returns_score" time="1.296" /><testcase classname="backend.tests.backend_test.TestBatchWrites" name="test_batch_flush_increases_writes" time="0.431" /><testcase classname="backend.tests.backend_test.TestConsistentHash" name="test_cache_debug_returns_owner_node" time="0.043" /><testcase classname="backend.tests.backend_test.TestConsistentHash" name="test_ring_endpoint" time="0.042" /><testcase classname="backend.tests.backend_test.TestAdmin" name="test_clear_cache" time="0.170" /><testcase classname="backend.tests.backend_test.TestAdmin" name="test_reset_metrics" time="0.212" /><testcase classname="backend.tests.backend_test.TestMetrics" name="test_metrics_structure" time="0.043" /></testsuite></testsuites>